Determining if the pthread_create exist failed with the following output:
Change Dir: /home/yuncong/Projects/libsnark/build/CMakeFiles/CMakeTmp

Run Build Command:"/usr/bin/make" "cmTC_88d09/fast"
/usr/bin/make -f CMakeFiles/cmTC_88d09.dir/build.make CMakeFiles/cmTC_88d09.dir/build
make[1]: Entering directory '/home/yuncong/Projects/libsnark/build/CMakeFiles/CMakeTmp'
Building C object CMakeFiles/cmTC_88d09.dir/CheckSymbolExists.c.o
/usr/bin/cc     -o CMakeFiles/cmTC_88d09.dir/CheckSymbolExists.c.o   -c /home/yuncong/Projects/libsnark/build/CMakeFiles/CMakeTmp/CheckSymbolExists.c
Linking C executable cmTC_88d09
/usr/bin/cmake -E cmake_link_script CMakeFiles/cmTC_88d09.dir/link.txt --verbose=1
/usr/bin/cc       CMakeFiles/cmTC_88d09.dir/CheckSymbolExists.c.o  -o cmTC_88d09 -rdynamic 
CMakeFiles/cmTC_88d09.dir/CheckSymbolExists.c.o: In function `main':
CheckSymbolExists.c:(.text+0x1b): undefined reference to `pthread_create'
collect2: error: ld returned 1 exit status
CMakeFiles/cmTC_88d09.dir/build.make:97: recipe for target 'cmTC_88d09' failed
make[1]: *** [cmTC_88d09] Error 1
make[1]: Leaving directory '/home/yuncong/Projects/libsnark/build/CMakeFiles/CMakeTmp'
Makefile:126: recipe for target 'cmTC_88d09/fast' failed
make: *** [cmTC_88d09/fast] Error 2

File /home/yuncong/Projects/libsnark/build/CMakeFiles/CMakeTmp/CheckSymbolExists.c:
/* */
#include <pthread.h>

int main(int argc, char** argv)
{
  (void)argv;
#ifndef pthread_create
  return ((int*)(&pthread_create))[argc];
#else
  (void)argc;
  return 0;
#endif
}

Determining if the function pthread_create exists in the pthreads failed with the following output:
Change Dir: /home/yuncong/Projects/libsnark/build/CMakeFiles/CMakeTmp

Run Build Command:"/usr/bin/make" "cmTC_4e47b/fast"
/usr/bin/make -f CMakeFiles/cmTC_4e47b.dir/build.make CMakeFiles/cmTC_4e47b.dir/build
make[1]: Entering directory '/home/yuncong/Projects/libsnark/build/CMakeFiles/CMakeTmp'
Building C object CMakeFiles/cmTC_4e47b.dir/CheckFunctionExists.c.o
/usr/bin/cc    -DCHECK_FUNCTION_EXISTS=pthread_create   -o CMakeFiles/cmTC_4e47b.dir/CheckFunctionExists.c.o   -c /usr/share/cmake-3.7/Modules/CheckFunctionExists.c
Linking C executable cmTC_4e47b
/usr/bin/cmake -E cmake_link_script CMakeFiles/cmTC_4e47b.dir/link.txt --verbose=1
/usr/bin/cc   -DCHECK_FUNCTION_EXISTS=pthread_create    CMakeFiles/cmTC_4e47b.dir/CheckFunctionExists.c.o  -o cmTC_4e47b -rdynamic -lpthreads 
/usr/bin/ld: cannot find -lpthreads
collect2: error: ld returned 1 exit status
CMakeFiles/cmTC_4e47b.dir/build.make:97: recipe for target 'cmTC_4e47b' failed
make[1]: *** [cmTC_4e47b] Error 1
make[1]: Leaving directory '/home/yuncong/Projects/libsnark/build/CMakeFiles/CMakeTmp'
Makefile:126: recipe for target 'cmTC_4e47b/fast' failed
make: *** [cmTC_4e47b/fast] Error 2


